2025-10-22 19:35:41.134 INFO  com.memorizer.db.Database - Opening H2 at url=jdbc:h2:file:E:\workspace_eclipse2024\memorizer\.\data\memo;MODE=PostgreSQL;AUTO_SERVER=TRUE;DB_CLOSE_ON_EXIT=FALSE;DB_CLOSE_DELAY=-1
2025-10-22 19:35:50.647 INFO  o.f.c.i.license.VersionPrinter - Flyway Community Edition 7.15.0 by Redgate
2025-10-22 19:35:50.648 INFO  o.f.c.i.d.base.BaseDatabaseType - Database: jdbc:h2:file:E:\workspace_eclipse2024\memorizer\.\data\memo (H2 1.4)
2025-10-22 19:35:50.840 INFO  o.f.core.internal.command.DbValidate - Successfully validated 3 migrations (execution time 00:00.110s)
2025-10-22 19:35:50.918 INFO  o.f.core.internal.command.DbMigrate - Current version of schema "PUBLIC": 3
2025-10-22 19:35:50.924 INFO  o.f.core.internal.command.DbMigrate - Schema "PUBLIC" is up to date. No migration necessary.
2025-10-22 19:35:50.931 INFO  com.memorizer.app.H2ConsoleServer - Starting H2 Console with args=[-webPort, 8082]
2025-10-22 19:35:50.943 INFO  com.memorizer.app.H2ConsoleServer - H2 Console started at http://127.0.0.1:8082/ (allowOthers=false)
2025-10-22 19:35:51.554 INFO  com.memorizer.app.Scheduler - Scheduler started.
2025-10-22 19:35:52.143 INFO  com.memorizer.app.MainApp - Memorizer started.
2025-10-22 19:36:56.590 INFO  com.memorizer.app.Scheduler - Busy (session active). Defer next tick by 3 min.
2025-10-22 19:39:56.592 INFO  com.memorizer.app.Scheduler - Busy (session active). Defer next tick by 3 min.
2025-10-22 19:42:56.594 INFO  com.memorizer.app.Scheduler - Busy (session active). Defer next tick by 3 min.
2025-10-22 19:45:56.597 INFO  com.memorizer.app.Scheduler - Busy (session active). Defer next tick by 3 min.
2025-10-22 19:48:56.597 INFO  com.memorizer.app.Scheduler - Busy (session active). Defer next tick by 3 min.
2025-10-22 19:51:56.600 INFO  com.memorizer.app.Scheduler - Busy (session active). Defer next tick by 3 min.
2025-10-22 19:54:56.602 INFO  com.memorizer.app.Scheduler - Busy (session active). Defer next tick by 3 min.
2025-10-22 19:57:56.604 INFO  com.memorizer.app.Scheduler - Busy (session active). Defer next tick by 3 min.
2025-10-22 20:00:56.607 INFO  com.memorizer.app.Scheduler - Busy (session active). Defer next tick by 3 min.
2025-10-22 20:03:56.608 INFO  com.memorizer.app.Scheduler - Busy (session active). Defer next tick by 3 min.
2025-10-22 20:06:56.609 INFO  com.memorizer.app.Scheduler - Busy (session active). Defer next tick by 3 min.
2025-10-22 20:09:56.611 INFO  com.memorizer.app.Scheduler - Busy (session active). Defer next tick by 3 min.
2025-10-22 20:12:56.612 INFO  com.memorizer.app.Scheduler - Busy (session active). Defer next tick by 3 min.
2025-10-22 20:15:56.613 INFO  com.memorizer.app.Scheduler - Busy (session active). Defer next tick by 3 min.
2025-10-22 20:18:56.616 INFO  com.memorizer.app.Scheduler - Busy (session active). Defer next tick by 3 min.
2025-10-22 20:21:56.618 INFO  com.memorizer.app.Scheduler - Busy (session active). Defer next tick by 3 min.
2025-10-22 20:24:56.620 INFO  com.memorizer.app.Scheduler - Busy (session active). Defer next tick by 3 min.
2025-10-22 20:27:56.622 INFO  com.memorizer.app.Scheduler - Busy (session active). Defer next tick by 3 min.
2025-10-22 20:30:56.623 INFO  com.memorizer.app.Scheduler - Busy (session active). Defer next tick by 3 min.
2025-10-22 20:33:56.626 INFO  com.memorizer.app.Scheduler - Busy (session active). Defer next tick by 3 min.
2025-10-22 20:36:56.628 INFO  com.memorizer.app.Scheduler - Busy (session active). Defer next tick by 3 min.
2025-10-22 20:39:56.629 INFO  com.memorizer.app.Scheduler - Busy (session active). Defer next tick by 3 min.
2025-10-22 20:43:56.633 INFO  com.memorizer.app.Scheduler - Busy (session active). Defer next tick by 3 min.
2025-10-22 20:46:56.635 INFO  com.memorizer.app.Scheduler - Busy (session active). Defer next tick by 3 min.
2025-10-22 20:49:56.637 INFO  com.memorizer.app.Scheduler - Busy (session active). Defer next tick by 3 min.
2025-10-22 20:52:56.638 INFO  com.memorizer.app.Scheduler - Busy (session active). Defer next tick by 3 min.
2025-10-22 22:27:07.886 INFO  com.memorizer.db.Database - Opening H2 at url=jdbc:h2:file:E:\workspace_eclipse2024\memorizer\.\data\memo;MODE=PostgreSQL;AUTO_SERVER=TRUE;DB_CLOSE_ON_EXIT=FALSE;DB_CLOSE_DELAY=-1
2025-10-22 22:27:12.510 INFO  o.f.c.i.license.VersionPrinter - Flyway Community Edition 7.15.0 by Redgate
2025-10-22 22:27:12.511 INFO  o.f.c.i.d.base.BaseDatabaseType - Database: jdbc:h2:file:E:\workspace_eclipse2024\memorizer\.\data\memo (H2 1.4)
2025-10-22 22:27:12.640 INFO  o.f.core.internal.command.DbValidate - Successfully validated 3 migrations (execution time 00:00.070s)
2025-10-22 22:27:12.667 INFO  o.f.core.internal.command.DbMigrate - Current version of schema "PUBLIC": 3
2025-10-22 22:27:12.673 INFO  o.f.core.internal.command.DbMigrate - Schema "PUBLIC" is up to date. No migration necessary.
2025-10-22 22:27:12.676 INFO  com.memorizer.app.H2ConsoleServer - Starting H2 Console with args=[-webPort, 8082]
2025-10-22 22:27:12.683 INFO  com.memorizer.app.H2ConsoleServer - H2 Console started at http://127.0.0.1:8082/ (allowOthers=false)
2025-10-22 22:27:13.218 INFO  com.memorizer.app.Scheduler - Scheduler started.
2025-10-22 22:27:13.595 INFO  com.memorizer.app.MainApp - Memorizer started.
2025-10-22 22:28:18.226 INFO  com.memorizer.app.Scheduler - Busy (session active). Defer next tick by 3 min.
2025-10-22 22:33:18.234 INFO  com.memorizer.app.Scheduler - Busy (session active). Defer next tick by 3 min.
2025-10-22 22:36:18.236 INFO  com.memorizer.app.Scheduler - Busy (session active). Defer next tick by 3 min.
2025-10-22 22:39:18.238 INFO  com.memorizer.app.Scheduler - Busy (session active). Defer next tick by 3 min.
2025-10-22 22:42:18.239 INFO  com.memorizer.app.Scheduler - Busy (session active). Defer next tick by 3 min.
2025-10-22 22:45:18.241 INFO  com.memorizer.app.Scheduler - Busy (session active). Defer next tick by 3 min.
2025-10-22 22:48:18.243 INFO  com.memorizer.app.Scheduler - Busy (session active). Defer next tick by 3 min.
2025-10-22 22:51:18.245 INFO  com.memorizer.app.Scheduler - Busy (session active). Defer next tick by 3 min.
2025-10-22 22:54:18.250 INFO  com.memorizer.app.Scheduler - Busy (session active). Defer next tick by 3 min.
2025-10-22 22:57:18.258 INFO  com.memorizer.app.Scheduler - Busy (session active). Defer next tick by 3 min.
2025-10-22 23:00:18.261 INFO  com.memorizer.app.Scheduler - Busy (session active). Defer next tick by 3 min.
2025-10-22 23:03:18.263 INFO  com.memorizer.app.Scheduler - Busy (session active). Defer next tick by 3 min.
2025-10-22 23:06:18.266 INFO  com.memorizer.app.Scheduler - Busy (session active). Defer next tick by 3 min.
2025-10-22 23:09:18.269 INFO  com.memorizer.app.Scheduler - Busy (session active). Defer next tick by 3 min.
2025-10-22 23:11:33.187 INFO  com.memorizer.db.Database - Opening H2 at url=jdbc:h2:file:E:\workspace_eclipse2024\memorizer\.\data\memo;MODE=PostgreSQL;AUTO_SERVER=TRUE;DB_CLOSE_ON_EXIT=FALSE;DB_CLOSE_DELAY=-1
2025-10-22 23:11:37.760 INFO  o.f.c.i.license.VersionPrinter - Flyway Community Edition 7.15.0 by Redgate
2025-10-22 23:11:37.762 INFO  o.f.c.i.d.base.BaseDatabaseType - Database: jdbc:h2:file:E:\workspace_eclipse2024\memorizer\.\data\memo (H2 1.4)
2025-10-22 23:11:37.862 INFO  o.f.core.internal.command.DbValidate - Successfully validated 3 migrations (execution time 00:00.049s)
2025-10-22 23:11:37.890 INFO  o.f.core.internal.command.DbMigrate - Current version of schema "PUBLIC": 3
2025-10-22 23:11:37.896 INFO  o.f.core.internal.command.DbMigrate - Schema "PUBLIC" is up to date. No migration necessary.
2025-10-22 23:11:37.899 INFO  com.memorizer.app.H2ConsoleServer - Starting H2 Console with args=[-webPort, 8082]
2025-10-22 23:11:37.904 INFO  com.memorizer.app.H2ConsoleServer - H2 Console started at http://127.0.0.1:8082/ (allowOthers=false)
2025-10-22 23:11:38.291 INFO  com.memorizer.app.Scheduler - Scheduler started.
2025-10-22 23:11:38.563 INFO  com.memorizer.app.MainApp - Memorizer started.
2025-10-22 23:12:43.299 INFO  com.memorizer.app.Scheduler - Busy (session active). Defer next tick by 3 min.
2025-10-22 23:15:05.656 INFO  com.memorizer.db.Database - Opening H2 at url=jdbc:h2:file:E:\workspace_eclipse2024\memorizer\.\data\memo;MODE=PostgreSQL;AUTO_SERVER=TRUE;DB_CLOSE_ON_EXIT=FALSE;DB_CLOSE_DELAY=-1
2025-10-22 23:15:10.183 INFO  o.f.c.i.license.VersionPrinter - Flyway Community Edition 7.15.0 by Redgate
2025-10-22 23:15:10.184 INFO  o.f.c.i.d.base.BaseDatabaseType - Database: jdbc:h2:file:E:\workspace_eclipse2024\memorizer\.\data\memo (H2 1.4)
2025-10-22 23:15:10.284 INFO  o.f.core.internal.command.DbValidate - Successfully validated 3 migrations (execution time 00:00.047s)
2025-10-22 23:15:10.308 INFO  o.f.core.internal.command.DbMigrate - Current version of schema "PUBLIC": 3
2025-10-22 23:15:10.313 INFO  o.f.core.internal.command.DbMigrate - Schema "PUBLIC" is up to date. No migration necessary.
2025-10-22 23:15:10.316 INFO  com.memorizer.app.H2ConsoleServer - Starting H2 Console with args=[-webPort, 8082]
2025-10-22 23:15:10.320 INFO  com.memorizer.app.H2ConsoleServer - H2 Console started at http://127.0.0.1:8082/ (allowOthers=false)
2025-10-22 23:15:10.731 INFO  com.memorizer.app.Scheduler - Scheduler started.
2025-10-22 23:15:11.028 INFO  com.memorizer.app.MainApp - Memorizer started.
2025-10-22 23:16:15.754 INFO  com.memorizer.app.Scheduler - Busy (session active). Defer next tick by 3 min.
2025-10-22 23:18:48.984 INFO  com.memorizer.db.Database - Opening H2 at url=jdbc:h2:file:E:\workspace_eclipse2024\memorizer\.\data\memo;MODE=PostgreSQL;AUTO_SERVER=TRUE;DB_CLOSE_ON_EXIT=FALSE;DB_CLOSE_DELAY=-1
2025-10-22 23:18:53.523 INFO  o.f.c.i.license.VersionPrinter - Flyway Community Edition 7.15.0 by Redgate
2025-10-22 23:18:53.525 INFO  o.f.c.i.d.base.BaseDatabaseType - Database: jdbc:h2:file:E:\workspace_eclipse2024\memorizer\.\data\memo (H2 1.4)
2025-10-22 23:18:53.627 INFO  o.f.core.internal.command.DbValidate - Successfully validated 3 migrations (execution time 00:00.051s)
2025-10-22 23:18:53.659 INFO  o.f.core.internal.command.DbMigrate - Current version of schema "PUBLIC": 3
2025-10-22 23:18:53.666 INFO  o.f.core.internal.command.DbMigrate - Schema "PUBLIC" is up to date. No migration necessary.
2025-10-22 23:18:53.669 INFO  com.memorizer.app.H2ConsoleServer - Starting H2 Console with args=[-webPort, 8082]
2025-10-22 23:18:53.682 INFO  com.memorizer.app.H2ConsoleServer - H2 Console started at http://127.0.0.1:8082/ (allowOthers=false)
2025-10-22 23:18:54.458 INFO  com.memorizer.app.Scheduler - Scheduler started.
2025-10-22 23:18:55.066 INFO  com.memorizer.app.MainApp - Memorizer started.
2025-10-22 23:19:59.479 INFO  com.memorizer.app.Scheduler - Busy (session active). Defer next tick by 3 min.
2025-10-22 23:22:59.482 INFO  com.memorizer.app.Scheduler - Busy (session active). Defer next tick by 3 min.
2025-10-22 23:25:59.485 INFO  com.memorizer.app.Scheduler - Busy (session active). Defer next tick by 3 min.
